<?xml version="1.0" encoding="UTF-8"?>
<!-- Generated by org.testng.reporters.JUnitXMLReporter -->
<testsuite ignored="0" hostname="DESKTOP-SPP0FTF" failures="0" tests="6" name="Default test" time="23.212" errors="0" timestamp="2022-03-16T12:21:00 IST">
  <testcase classname="com.sgtesting.testngassignments.TestngAssign1" name="launchBrowser" time="6.149"/>
  <testcase classname="com.sgtesting.testngassignments.TestngAssign1" name="navigate" time="3.181"/>
  <testcase classname="com.sgtesting.testngassignments.TestngAssign1" name="login" time="8.451"/>
  <testcase classname="com.sgtesting.testngassignments.TestngAssign1" name="minimizeFlyOutWindow" time="2.18"/>
  <testcase classname="com.sgtesting.testngassignments.TestngAssign1" name="logout" time="2.888"/>
  <testcase classname="com.sgtesting.testngassignments.TestngAssign1" name="closeapplication" time="0.247"/>
</testsuite> <!-- Default test -->
