<?xml version="1.0" encoding="UTF-8"?>
<testng-results ignored="0" total="1" passed="1" failed="0" skipped="0">
  <reporter-output>
  </reporter-output>
  <suite started-at="2022-03-19T20:02:07 IST" name="ActiTime Automation" finished-at="2022-03-19T20:03:57 IST" duration-ms="110000">
    <groups>
    </groups>
    <test started-at="2022-03-19T20:02:07 IST" name="TestScripts" finished-at="2022-03-19T20:03:57 IST" duration-ms="110000">
      <class name="com.sgtesting.actitime.driverscript.DriverScript">
        <test-method is-config="true" signature="loadFiles()[pri:0, instance:com.sgtesting.actitime.driverscript.DriverScript@428640fa]" started-at="2022-03-19T20:02:07 IST" name="loadFiles" finished-at="2022-03-19T20:02:07 IST" duration-ms="13" status="PASS">
          <reporter-output>
          </reporter-output>
        </test-method> <!-- loadFiles -->
        <test-method signature="executeTestScenarios()[pri:0, instance:com.sgtesting.actitime.driverscript.DriverScript@428640fa]" started-at="2022-03-19T20:02:07 IST" name="executeTestScenarios" finished-at="2022-03-19T20:03:57 IST" duration-ms="109884" status="PASS">
          <reporter-output>
          </reporter-output>
        </test-method> <!-- executeTestScenarios -->
      </class> <!-- com.sgtesting.actitime.driverscript.DriverScript -->
    </test> <!-- TestScripts -->
  </suite> <!-- ActiTime Automation -->
</testng-results>
