<?xml version="1.0" encoding="UTF-8"?>
<testng-results ignored="0" total="1" passed="1" failed="0" skipped="0">
  <reporter-output>
  </reporter-output>
  <suite started-at="2022-03-20T12:25:46 IST" name="ActiTime Automation" finished-at="2022-03-20T12:27:54 IST" duration-ms="128244">
    <groups>
    </groups>
    <test started-at="2022-03-20T12:25:46 IST" name="TestScripts" finished-at="2022-03-20T12:27:54 IST" duration-ms="128244">
      <class name="com.sgtesting.actitime.driverscript.DriverScript">
        <test-method is-config="true" signature="startAutomationSuite()[pri:0, instance:com.sgtesting.actitime.driverscript.DriverScript@6f15d60e]" started-at="2022-03-20T12:25:46 IST" name="startAutomationSuite" finished-at="2022-03-20T12:25:46 IST" duration-ms="60" status="PASS">
          <reporter-output>
          </reporter-output>
        </test-method> <!-- startAutomationSuite -->
        <test-method is-config="true" signature="loadFiles()[pri:0, instance:com.sgtesting.actitime.driverscript.DriverScript@6f15d60e]" started-at="2022-03-20T12:25:46 IST" name="loadFiles" finished-at="2022-03-20T12:25:46 IST" duration-ms="13" status="PASS">
          <reporter-output>
          </reporter-output>
        </test-method> <!-- loadFiles -->
        <test-method signature="executeTestScenarios()[pri:0, instance:com.sgtesting.actitime.driverscript.DriverScript@6f15d60e]" started-at="2022-03-20T12:25:46 IST" name="executeTestScenarios" finished-at="2022-03-20T12:27:54 IST" duration-ms="128133" status="PASS">
          <reporter-output>
          </reporter-output>
        </test-method> <!-- executeTestScenarios -->
        <test-method is-config="true" signature="endAutomationSuite()[pri:0, instance:com.sgtesting.actitime.driverscript.DriverScript@6f15d60e]" started-at="2022-03-20T12:27:54 IST" name="endAutomationSuite" finished-at="2022-03-20T12:27:54 IST" duration-ms="32" status="PASS">
          <reporter-output>
          </reporter-output>
        </test-method> <!-- endAutomationSuite -->
      </class> <!-- com.sgtesting.actitime.driverscript.DriverScript -->
    </test> <!-- TestScripts -->
  </suite> <!-- ActiTime Automation -->
</testng-results>
