<?xml version="1.0" encoding="UTF-8"?>
<testng-results ignored="0" total="6" passed="6" failed="0" skipped="0">
  <reporter-output>
  </reporter-output>
  <suite started-at="2022-03-16T12:20:37 IST" name="Default suite" finished-at="2022-03-16T12:21:00 IST" duration-ms="23212">
    <groups>
    </groups>
    <test started-at="2022-03-16T12:20:37 IST" name="Default test" finished-at="2022-03-16T12:21:00 IST" duration-ms="23212">
      <class name="com.sgtesting.testngassignments.TestngAssign1">
        <test-method signature="launchBrowser()[pri:1, instance:com.sgtesting.testngassignments.TestngAssign1@6c284af]" started-at="2022-03-16T12:20:37 IST" name="launchBrowser" finished-at="2022-03-16T12:20:43 IST" duration-ms="6149" status="PASS">
          <reporter-output>
          </reporter-output>
        </test-method> <!-- launchBrowser -->
        <test-method signature="navigate()[pri:2, instance:com.sgtesting.testngassignments.TestngAssign1@6c284af]" started-at="2022-03-16T12:20:43 IST" name="navigate" finished-at="2022-03-16T12:20:46 IST" duration-ms="3181" status="PASS">
          <reporter-output>
          </reporter-output>
        </test-method> <!-- navigate -->
        <test-method signature="login()[pri:3, instance:com.sgtesting.testngassignments.TestngAssign1@6c284af]" started-at="2022-03-16T12:20:46 IST" name="login" finished-at="2022-03-16T12:20:54 IST" duration-ms="8451" status="PASS">
          <reporter-output>
          </reporter-output>
        </test-method> <!-- login -->
        <test-method signature="minimizeFlyOutWindow()[pri:4, instance:com.sgtesting.testngassignments.TestngAssign1@6c284af]" started-at="2022-03-16T12:20:54 IST" name="minimizeFlyOutWindow" finished-at="2022-03-16T12:20:57 IST" duration-ms="2180" status="PASS">
          <reporter-output>
          </reporter-output>
        </test-method> <!-- minimizeFlyOutWindow -->
        <test-method signature="logout()[pri:5, instance:com.sgtesting.testngassignments.TestngAssign1@6c284af]" started-at="2022-03-16T12:20:57 IST" name="logout" finished-at="2022-03-16T12:21:00 IST" duration-ms="2888" status="PASS">
          <reporter-output>
          </reporter-output>
        </test-method> <!-- logout -->
        <test-method signature="closeapplication()[pri:6, instance:com.sgtesting.testngassignments.TestngAssign1@6c284af]" started-at="2022-03-16T12:21:00 IST" name="closeapplication" finished-at="2022-03-16T12:21:00 IST" duration-ms="247" status="PASS">
          <reporter-output>
          </reporter-output>
        </test-method> <!-- closeapplication -->
      </class> <!-- com.sgtesting.testngassignments.TestngAssign1 -->
    </test> <!-- Default test -->
  </suite> <!-- Default suite -->
</testng-results>
